ERC report (2026-03-18T10:13:18-0400, Encoding UTF8)

***** Sheet /
[power_pin_not_driven]: Input Power pin not driven by any Output Power pins
    ; error
    @(1351 mils, 1550 mils): Symbol #PWR01 Pin 1 [Power input, Line]
[power_pin_not_driven]: Input Power pin not driven by any Output Power pins
    ; error
    @(4001 mils, 1600 mils): Symbol #PWR08 Pin 1 [Power input, Line]
[pin_not_driven]: Input pin not driven by any Output pins
    ; error
    @(4351 mils, 1950 mils): Symbol R1 Pin 2 [2, Input, Line]
[power_pin_not_driven]: Input Power pin not driven by any Output Power pins
    ; error
    @(2350 mils, 5400 mils): Symbol #PORT01 Pin 1 [Power input, Line]
[power_pin_not_driven]: Input Power pin not driven by any Output Power pins
    ; error
    @(2350 mils, 5500 mils): Symbol #PORT02 Pin 1 [Power input, Line]
[power_pin_not_driven]: Input Power pin not driven by any Output Power pins
    ; error
    @(2350 mils, 5600 mils): Symbol #PORT03 Pin 1 [Power input, Line]
[power_pin_not_driven]: Input Power pin not driven by any Output Power pins
    ; error
    @(2350 mils, 5700 mils): Symbol #PORT04 Pin 1 [Power input, Line]
[power_pin_not_driven]: Input Power pin not driven by any Output Power pins
    ; error
    @(2350 mils, 5800 mils): Symbol #PORT05 Pin 1 [Power input, Line]
[power_pin_not_driven]: Input Power pin not driven by any Output Power pins
    ; error
    @(2350 mils, 5900 mils): Symbol #PORT06 Pin 1 [Power input, Line]
[power_pin_not_driven]: Input Power pin not driven by any Output Power pins
    ; error
    @(2350 mils, 6000 mils): Symbol #PORT07 Pin 1 [Power input, Line]
[power_pin_not_driven]: Input Power pin not driven by any Output Power pins
    ; error
    @(2350 mils, 6100 mils): Symbol #PORT08 Pin 1 [Power input, Line]
[power_pin_not_driven]: Input Power pin not driven by any Output Power pins
    ; error
    @(2350 mils, 6200 mils): Symbol #PORT09 Pin 1 [Power input, Line]
[power_pin_not_driven]: Input Power pin not driven by any Output Power pins
    ; error
    @(2350 mils, 6300 mils): Symbol #PORT10 Pin 1 [Power input, Line]
[power_pin_not_driven]: Input Power pin not driven by any Output Power pins
    ; error
    @(2350 mils, 6400 mils): Symbol #PORT0107 Pin 1 [Power input, Line]
[power_pin_not_driven]: Input Power pin not driven by any Output Power pins
    ; error
    @(2350 mils, 6500 mils): Symbol #PORT0108 Pin 1 [Power input, Line]
[power_pin_not_driven]: Input Power pin not driven by any Output Power pins
    ; error
    @(4550 mils, 5500 mils): Symbol #PORT0106 Pin 1 [Power input, Line]
[power_pin_not_driven]: Input Power pin not driven by any Output Power pins
    ; error
    @(4550 mils, 5600 mils): Symbol #PORT0105 Pin 1 [Power input, Line]
[pin_not_connected]: Pin not connected
    ; error
    @(3000 mils, 7050 mils): Symbol U2 Pin 15 [IO3, Unspecified, Line]
[pin_not_connected]: Pin not connected
    ; error
    @(3100 mils, 7050 mils): Symbol U2 Pin 16 [IO46, Unspecified, Line]
[pin_not_connected]: Pin not connected
    ; error
    @(3200 mils, 7050 mils): Symbol U2 Pin 17 [IO9, Unspecified, Line]
[pin_not_connected]: Pin not connected
    ; error
    @(3400 mils, 7050 mils): Symbol U2 Pin 19 [IO11, Unspecified, Line]
[pin_not_connected]: Pin not connected
    ; error
    @(3500 mils, 7050 mils): Symbol U2 Pin 20 [IO12, Unspecified, Line]
[pin_not_connected]: Pin not connected
    ; error
    @(3600 mils, 7050 mils): Symbol U2 Pin 21 [IO13, Unspecified, Line]
[pin_not_connected]: Pin not connected
    ; error
    @(3700 mils, 7050 mils): Symbol U2 Pin 22 [IO14, Unspecified, Line]
[pin_not_connected]: Pin not connected
    ; error
    @(3800 mils, 7050 mils): Symbol U2 Pin 23 [IO21, Unspecified, Line]
[pin_not_connected]: Pin not connected
    ; error
    @(3900 mils, 7050 mils): Symbol U2 Pin 24 [IO47, Unspecified, Line]
[pin_not_connected]: Pin not connected
    ; error
    @(4000 mils, 7050 mils): Symbol U2 Pin 25 [IO48, Unspecified, Line]
[pin_not_connected]: Pin not connected
    ; error
    @(4100 mils, 7050 mils): Symbol U2 Pin 26 [IO45, Unspecified, Line]
[power_pin_not_driven]: Input Power pin not driven by any Output Power pins
    ; error
    @(8726 mils, 1600 mils): Symbol #PWR18 Pin 1 [Power input, Line]
[pin_not_driven]: Input pin not driven by any Output pins
    ; error
    @(9076 mils, 1950 mils): Symbol R3 Pin 2 [2, Input, Line]
[power_pin_not_driven]: Input Power pin not driven by any Output Power pins
    ; error
    @(8500 mils, 4650 mils): Symbol #PORT15 Pin 1 [Power input, Line]
[power_pin_not_driven]: Input Power pin not driven by any Output Power pins
    ; error
    @(8500 mils, 4950 mils): Symbol #PORT16 Pin 1 [Power input, Line]
[power_pin_not_driven]: Input Power pin not driven by any Output Power pins
    ; error
    @(5550 mils, 10250 mils): Symbol #PORT44 Pin 1 [Power input, Line]
[power_pin_not_driven]: Input Power pin not driven by any Output Power pins
    ; error
    @(5550 mils, 10450 mils): Symbol #PORT45 Pin 1 [Power input, Line]
[pin_not_driven]: Input pin not driven by any Output pins
    ; error
    @(7300 mils, 10100 mils): Symbol R89 Pin 1 [1, Input, Line]
[pin_not_driven]: Input pin not driven by any Output pins
    ; error
    @(7800 mils, 10300 mils): Symbol R94 Pin 1 [1, Input, Line]
[pin_not_driven]: Input pin not driven by any Output pins
    ; error
    @(8500 mils, 10300 mils): Symbol B3 Pin 1 [1, Input, Line]
[pin_not_driven]: Input pin not driven by any Output pins
    ; error
    @(13450 mils, 2500 mils): Symbol R31 Pin 2 [2, Input, Line]
[power_pin_not_driven]: Input Power pin not driven by any Output Power pins
    ; error
    @(14350 mils, 1600 mils): Symbol #PWR28 Pin 1 [Power input, Line]
[endpoint_off_grid]: Symbol pin or wire end off connection grid
    ; warning
    @(1351 mils, 1550 mils): Vertical Wire, length 150 mils
[endpoint_off_grid]: Symbol pin or wire end off connection grid
    ; warning
    @(1351 mils, 1550 mils): Symbol #PWR01 Pin 1 [Power input, Line]
[lib_symbol_mismatch]: Symbol '+24V' doesn't match copy in library 'power'
    ; warning
    @(1351 mils, 1550 mils): Symbol #PWR01 [+24V]
[endpoint_off_grid]: Symbol pin or wire end off connection grid
    ; warning
    @(1351 mils, 1700 mils): Horizontal Wire, length 100 mils
[endpoint_off_grid]: Symbol pin or wire end off connection grid
    ; warning
    @(1451 mils, 1700 mils): Horizontal Wire, length 450 mils
[endpoint_off_grid]: Symbol pin or wire end off connection grid
    ; warning
    @(1451 mils, 1850 mils): Symbol C1 Pin 2 [2, Unspecified, Line]
[endpoint_off_grid]: Symbol pin or wire end off connection grid
    ; warning
    @(1451 mils, 1850 mils): Vertical Wire, length 150 mils
[pin_to_pin]: Pins of type Unspecified and Power input are connected
    ; warning
    @(1451 mils, 1850 mils): Symbol C1 Pin 2 [2, Unspecified, Line]
    @(1351 mils, 1550 mils): Symbol #PWR01 Pin 1 [Power input, Line]
[endpoint_off_grid]: Symbol pin or wire end off connection grid
    ; warning
    @(1901 mils, 1700 mils): Horizontal Wire, length 750 mils
[endpoint_off_grid]: Symbol pin or wire end off connection grid
    ; warning
    @(1901 mils, 1750 mils): Symbol C106 Pin 2 [2, Unspecified, Line]
[endpoint_off_grid]: Symbol pin or wire end off connection grid
    ; warning
    @(1901 mils, 1750 mils): Vertical Wire, length 50 mils
[pin_to_pin]: Pins of type Unspecified and Power input are connected
    ; warning
    @(1901 mils, 1750 mils): Symbol C106 Pin 2 [2, Unspecified, Line]
    @(1351 mils, 1550 mils): Symbol #PWR01 Pin 1 [Power input, Line]
[endpoint_off_grid]: Symbol pin or wire end off connection grid
    ; warning
    @(1451 mils, 2250 mils): Horizontal Wire, length 450 mils
[pin_to_pin]: Pins of type Unspecified and Unspecified are connected
    ; warning
    @(1451 mils, 2250 mils): Symbol C1 Pin 1 [1, Unspecified, Line]
    @(1901 mils, 2150 mils): Symbol C106 Pin 1 [1, Unspecified, Line]
[endpoint_off_grid]: Symbol pin or wire end off connection grid
    ; warning
    @(2351 mils, 1450 mils): Horizontal Wire, length 100 mils
[endpoint_off_grid]: Symbol pin or wire end off connection grid
    ; warning
    @(2351 mils, 1450 mils): Symbol #PWR03 Pin 1 [Power input, Line]
[lib_symbol_mismatch]: Symbol 'GND' doesn't match copy in library 'power'
    ; warning
    @(2351 mils, 1450 mils): Symbol #PWR03 [GND]
[endpoint_off_grid]: Symbol pin or wire end off connection grid
    ; warning
    @(2451 mils, 1450 mils): Horizontal Wire, length 200 mils
[endpoint_off_grid]: Symbol pin or wire end off connection grid
    ; warning
    @(2451 mils, 1450 mils): Vertical Wire, length 100 mils
[endpoint_off_grid]: Symbol pin or wire end off connection grid
    ; warning
    @(1901 mils, 2150 mils): Vertical Wire, length 100 mils
[pin_to_pin]: Pins of type Unspecified and Power input are connected
    ; warning
    @(1901 mils, 2150 mils): Symbol C106 Pin 1 [1, Unspecified, Line]
    @(1901 mils, 2500 mils): Symbol #PWR02 Pin 1 [Power input, Line]
[endpoint_off_grid]: Symbol pin or wire end off connection grid
    ; warning
    @(1901 mils, 2250 mils): Vertical Wire, length 250 mils
[pin_to_pin]: Pins of type Unspecified and Unspecified are connected
    ; warning
    @(2651 mils, 1450 mils): Symbol U1 Pin 1 [GND, Unspecified, Line]
    @(2651 mils, 1550 mils): Symbol U1 Pin 2 [MODE/SYNC, Unspecified, Line]
[endpoint_off_grid]: Symbol pin or wire end off connection grid
    ; warning
    @(2651 mils, 1550 mils): Horizontal Wire, length 200 mils
[endpoint_off_grid]: Symbol pin or wire end off connection grid
    ; warning
    @(2651 mils, 1550 mils): Symbol U1 Pin 2 [MODE/SYNC, Unspecified, Line]
[pin_to_pin]: Pins of type Unspecified and Power input are connected
    ; warning
    @(2651 mils, 1550 mils): Symbol U1 Pin 2 [MODE/SYNC, Unspecified, Line]
    @(2351 mils, 1450 mils): Symbol #PWR03 Pin 1 [Power input, Line]
[pin_to_pin]: Pins of type Unspecified and Unspecified are connected
    ; warning
    @(2651 mils, 1650 mils): Symbol U1 Pin 3 [VIN, Unspecified, Line]
    @(2651 mils, 1750 mils): Symbol U1 Pin 4 [EN, Unspecified, Line]
[endpoint_off_grid]: Symbol pin or wire end off connection grid
    ; warning
    @(1901 mils, 2500 mils): Symbol #PWR02 Pin 1 [Power input, Line]
[lib_symbol_mismatch]: Symbol 'GND' doesn't match copy in library 'power'
    ; warning
    @(1901 mils, 2500 mils): Symbol #PWR02 [GND]
[endpoint_off_grid]: Symbol pin or wire end off connection grid
    ; warning
    @(2651 mils, 1700 mils): Vertical Wire, length 50 mils
[endpoint_off_grid]: Symbol pin or wire end off connection grid
    ; warning
    @(2651 mils, 1750 mils): Vertical Wire, length 50 mils
[pin_to_pin]: Pins of type Unspecified and Power input are connected
    ; warning
    @(2651 mils, 1750 mils): Symbol U1 Pin 4 [EN, Unspecified, Line]
    @(1351 mils, 1550 mils): Symbol #PWR01 Pin 1 [Power input, Line]
[pin_to_pin]: Pins of type Unspecified and Power input are connected
    ; warning
    @(3751 mils, 1350 mils): Symbol U1 Pin 11 [EP, Unspecified, Line]
    @(4151 mils, 1350 mils): Symbol #PWR04 Pin 1 [Power input, Line]
[endpoint_off_grid]: Symbol pin or wire end off connection grid
    ; warning
    @(3751 mils, 1750 mils): Horizontal Wire, length 650 mils
[pin_to_pin]: Pins of type Unspecified and Input are connected
    ; warning
    @(3751 mils, 1750 mils): Symbol U1 Pin 7 [FB, Unspecified, Line]
    @(4351 mils, 1950 mils): Symbol R1 Pin 2 [2, Input, Line]
[endpoint_off_grid]: Symbol pin or wire end off connection grid
    ; warning
    @(3751 mils, 1850 mils): Horizontal Wire, length 150 mils
[pin_to_pin]: Pins of type Unspecified and Input are connected
    ; warning
    @(3751 mils, 1850 mils): Symbol U1 Pin 6 [VOUT, Unspecified, Line]
    @(3951 mils, 1950 mils): Symbol R1 Pin 1 [1, Input, Line]
[endpoint_off_grid]: Symbol pin or wire end off connection grid
    ; warning
    @(4001 mils, 1600 mils): Symbol #PWR08 Pin 1 [Power input, Line]
[endpoint_off_grid]: Symbol pin or wire end off connection grid
    ; warning
    @(4001 mils, 1600 mils): Vertical Wire, length 250 mils
[lib_symbol_mismatch]: Symbol '+12V' doesn't match copy in library 'power'
    ; warning
    @(4001 mils, 1600 mils): Symbol #PWR08 [+12V]
[endpoint_off_grid]: Symbol pin or wire end off connection grid
    ; warning
    @(3901 mils, 1950 mils): Vertical Wire, length 100 mils
[endpoint_off_grid]: Symbol pin or wire end off connection grid
    ; warning
    @(4151 mils, 1350 mils): Horizontal Wire, length 400 mils
[endpoint_off_grid]: Symbol pin or wire end off connection grid
    ; warning
    @(4151 mils, 1350 mils): Symbol #PWR04 Pin 1 [Power input, Line]
[lib_symbol_mismatch]: Symbol 'GND' doesn't match copy in library 'power'
    ; warning
    @(4151 mils, 1350 mils): Symbol #PWR04 [GND]
[endpoint_off_grid]: Symbol pin or wire end off connection grid
    ; warning
    @(3951 mils, 1950 mils): Symbol R1 Pin 1 [1, Input, Line]
[endpoint_off_grid]: Symbol pin or wire end off connection grid
    ; warning
    @(3951 mils, 1950 mils): Horizontal Wire, length 50 mils
[endpoint_off_grid]: Symbol pin or wire end off connection grid
    ; warning
    @(4001 mils, 1850 mils): Horizontal Wire, length 100 mils
[lib_symbol_mismatch]: Symbol '+3.3V' doesn't match copy in library 'power'
    ; warning
    @(1350 mils, 4250 mils): Symbol #PWR31 [+3.3V]
[endpoint_off_grid]: Symbol pin or wire end off connection grid
    ; warning
    @(3901 mils, 2350 mils): Vertical Wire, length 400 mils
[pin_to_pin]: Pins of type Unspecified and Input are connected
    ; warning
    @(3901 mils, 2350 mils): Symbol C3 Pin 2 [2, Unspecified, Line]
    @(3951 mils, 1950 mils): Symbol R1 Pin 1 [1, Input, Line]
[pin_to_pin]: Pins of type Unspecified and Unspecified are connected
    ; warning
    @(1800 mils, 4350 mils): Symbol C2 Pin 1 [1, Unspecified, Line]
    @(1800 mils, 4700 mils): Symbol C105 Pin 1 [1, Unspecified, Line]
[endpoint_off_grid]: Symbol pin or wire end off connection grid
    ; warning
    @(4351 mils, 1950 mils): Horizontal Wire, length 50 mils
[endpoint_off_grid]: Symbol pin or wire end off connection grid
    ; warning
    @(3901 mils, 2750 mils): Symbol C3 Pin 1 [1, Unspecified, Line]
[endpoint_off_grid]: Symbol pin or wire end off connection grid
    ; warning
    @(3901 mils, 2750 mils): Horizontal Wire, length 300 mils
[pin_to_pin]: Pins of type Unspecified and Power input are connected
    ; warning
    @(3901 mils, 2750 mils): Symbol C3 Pin 1 [1, Unspecified, Line]
    @(4201 mils, 2850 mils): Symbol #PWR05 Pin 1 [Power input, Line]
[endpoint_off_grid]: Symbol pin or wire end off connection grid
    ; warning
    @(4401 mils, 1950 mils): Vertical Wire, length 200 mils
[lib_symbol_mismatch]: Symbol 'GND' doesn't match copy in library 'power'
    ; warning
    @(2550 mils, 4150 mils): Symbol #PWR34 [GND]
[pin_to_pin]: Pins of type Unspecified and Unspecified are connected
    ; warning
    @(2200 mils, 4350 mils): Symbol C2 Pin 2 [2, Unspecified, Line]
    @(2200 mils, 4700 mils): Symbol C105 Pin 2 [2, Unspecified, Line]
[endpoint_off_grid]: Symbol pin or wire end off connection grid
    ; warning
    @(4651 mils, 1750 mils): Vertical Wire, length 600 mils
[endpoint_off_grid]: Symbol pin or wire end off connection grid
    ; warning
    @(4651 mils, 1750 mils): Horizontal Wire, length 250 mils
[endpoint_off_grid]: Symbol pin or wire end off connection grid
    ; warning
    @(4201 mils, 2750 mils): Vertical Wire, length 100 mils
[endpoint_off_grid]: Symbol pin or wire end off connection grid
    ; warning
    @(4201 mils, 2750 mils): Horizontal Wire, length 450 mils
[pin_to_pin]: Pins of type Unspecified and Power input are connected
    ; warning
    @(1800 mils, 4700 mils): Symbol C105 Pin 1 [1, Unspecified, Line]
    @(1350 mils, 4250 mils): Symbol #PWR31 Pin 1 [Power input, Line]
[endpoint_off_grid]: Symbol pin or wire end off connection grid
    ; warning
    @(4201 mils, 2850 mils): Symbol #PWR05 Pin 1 [Power input, Line]
[lib_symbol_mismatch]: Symbol 'GND' doesn't match copy in library 'power'
    ; warning
    @(4201 mils, 2850 mils): Symbol #PWR05 [GND]
[pin_to_pin]: Pins of type Unspecified and Power input are connected
    ; warning
    @(2200 mils, 4700 mils): Symbol C105 Pin 2 [2, Unspecified, Line]
    @(2550 mils, 4150 mils): Symbol #PWR34 Pin 1 [Power input, Line]
[endpoint_off_grid]: Symbol pin or wire end off connection grid
    ; warning
    @(4651 mils, 2750 mils): Symbol R2 Pin 2 [2, Input, Line]
[pin_to_pin]: Pins of type Unspecified and Unspecified are connected
    ; warning
    @(2650 mils, 5200 mils): Symbol U2 Pin 1 [GND, Unspecified, Line]
    @(2650 mils, 5900 mils): Symbol U2 Pin 8 [IO15, Unspecified, Line]
[pin_to_pin]: Pins of type Unspecified and Power input are connected
    ; warning
    @(2650 mils, 5300 mils): Symbol U2 Pin 2 [3V3, Unspecified, Line]
    @(1350 mils, 4250 mils): Symbol #PWR31 Pin 1 [Power input, Line]
[pin_to_pin]: Pins of type Unspecified and Power input are connected
    ; warning
    @(2650 mils, 5400 mils): Symbol U2 Pin 3 [EN, Unspecified, Line]
    @(2350 mils, 5400 mils): Symbol #PORT01 Pin 1 [Power input, Line]
[pin_to_pin]: Pins of type Unspecified and Power input are connected
    ; warning
    @(2650 mils, 5500 mils): Symbol U2 Pin 4 [IO4, Unspecified, Line]
    @(2350 mils, 5500 mils): Symbol #PORT02 Pin 1 [Power input, Line]
[pin_to_pin]: Pins of type Unspecified and Power input are connected
    ; warning
    @(2650 mils, 5600 mils): Symbol U2 Pin 5 [IO5, Unspecified, Line]
    @(2350 mils, 5600 mils): Symbol #PORT03 Pin 1 [Power input, Line]
[endpoint_off_grid]: Symbol pin or wire end off connection grid
    ; warning
    @(6076 mils, 1550 mils): Symbol #PWR11 Pin 1 [Power input, Line]
[endpoint_off_grid]: Symbol pin or wire end off connection grid
    ; warning
    @(6076 mils, 1550 mils): Vertical Wire, length 150 mils
[lib_symbol_mismatch]: Symbol '+12V' doesn't match copy in library 'power'
    ; warning
    @(6076 mils, 1550 mils): Symbol #PWR11 [+12V]
[pin_to_pin]: Pins of type Unspecified and Power input are connected
    ; warning
    @(2650 mils, 5700 mils): Symbol U2 Pin 6 [IO6, Unspecified, Line]
    @(2350 mils, 5700 mils): Symbol #PORT04 Pin 1 [Power input, Line]
[endpoint_off_grid]: Symbol pin or wire end off connection grid
    ; warning
    @(6076 mils, 1700 mils): Horizontal Wire, length 100 mils
[pin_to_pin]: Pins of type Unspecified and Power input are connected
    ; warning
    @(2650 mils, 5800 mils): Symbol U2 Pin 7 [IO7, Unspecified, Line]
    @(2350 mils, 5800 mils): Symbol #PORT05 Pin 1 [Power input, Line]
[endpoint_off_grid]: Symbol pin or wire end off connection grid
    ; warning
    @(6176 mils, 1700 mils): Horizontal Wire, length 450 mils
[endpoint_off_grid]: Symbol pin or wire end off connection grid
    ; warning
    @(6176 mils, 1850 mils): Symbol C31 Pin 2 [2, Unspecified, Line]
[endpoint_off_grid]: Symbol pin or wire end off connection grid
    ; warning
    @(6176 mils, 1850 mils): Vertical Wire, length 150 mils
[pin_to_pin]: Pins of type Unspecified and Power input are connected
    ; warning
    @(6176 mils, 1850 mils): Symbol C31 Pin 2 [2, Unspecified, Line]
    @(6076 mils, 1550 mils): Symbol #PWR11 Pin 1 [Power input, Line]
[pin_to_pin]: Pins of type Unspecified and Power input are connected
    ; warning
    @(2650 mils, 5900 mils): Symbol U2 Pin 8 [IO15, Unspecified, Line]
    @(2350 mils, 5900 mils): Symbol #PORT06 Pin 1 [Power input, Line]
[pin_to_pin]: Pins of type Unspecified and Power input are connected
    ; warning
    @(2650 mils, 6000 mils): Symbol U2 Pin 9 [IO16, Unspecified, Line]
    @(2350 mils, 6000 mils): Symbol #PORT07 Pin 1 [Power input, Line]
[endpoint_off_grid]: Symbol pin or wire end off connection grid
    ; warning
    @(6176 mils, 2250 mils): Horizontal Wire, length 450 mils
[pin_to_pin]: Pins of type Unspecified and Unspecified are connected
    ; warning
    @(6176 mils, 2250 mils): Symbol C31 Pin 1 [1, Unspecified, Line]
    @(6626 mils, 2150 mils): Symbol C33 Pin 1 [1, Unspecified, Line]
[pin_to_pin]: Pins of type Unspecified and Power input are connected
    ; warning
    @(2650 mils, 6100 mils): Symbol U2 Pin 10 [IO17, Unspecified, Line]
    @(2350 mils, 6100 mils): Symbol #PORT08 Pin 1 [Power input, Line]
[pin_to_pin]: Pins of type Unspecified and Power input are connected
    ; warning
    @(4350 mils, 5050 mils): Symbol U2 Pin 41 [GND, Unspecified, Line]
    @(4550 mils, 5050 mils): Symbol #PWR36 Pin 1 [Power input, Line]
[pin_to_pin]: Pins of type Unspecified and Power input are connected
    ; warning
    @(2650 mils, 6200 mils): Symbol U2 Pin 11 [IO18, Unspecified, Line]
    @(2350 mils, 6200 mils): Symbol #PORT09 Pin 1 [Power input, Line]
[pin_to_pin]: Pins of type Unspecified and Unspecified are connected
    ; warning
    @(4350 mils, 5200 mils): Symbol U2 Pin 40 [GND, Unspecified, Line]
    @(4350 mils, 5050 mils): Symbol U2 Pin 41 [GND, Unspecified, Line]
[lib_symbol_mismatch]: Symbol 'GND' doesn't match copy in library 'power'
    ; warning
    @(4550 mils, 5050 mils): Symbol #PWR36 [GND]
[pin_to_pin]: Pins of type Unspecified and Power input are connected
    ; warning
    @(2650 mils, 6300 mils): Symbol U2 Pin 12 [IO8, Unspecified, Line]
    @(2350 mils, 6300 mils): Symbol #PORT10 Pin 1 [Power input, Line]
[endpoint_off_grid]: Symbol pin or wire end off connection grid
    ; warning
    @(6626 mils, 1700 mils): Horizontal Wire, length 750 mils
[endpoint_off_grid]: Symbol pin or wire end off connection grid
    ; warning
    @(6626 mils, 1750 mils): Vertical Wire, length 50 mils
[endpoint_off_grid]: Symbol pin or wire end off connection grid
    ; warning
    @(6626 mils, 1750 mils): Symbol C33 Pin 2 [2, Unspecified, Line]
[pin_to_pin]: Pins of type Unspecified and Power input are connected
    ; warning
    @(6626 mils, 1750 mils): Symbol C33 Pin 2 [2, Unspecified, Line]
    @(6076 mils, 1550 mils): Symbol #PWR11 Pin 1 [Power input, Line]
[lib_symbol_mismatch]: Symbol 'GND' doesn't match copy in library 'power'
    ; warning
    @(4550 mils, 5200 mils): Symbol #PWR35 [GND]
[pin_to_pin]: Pins of type Unspecified and Power input are connected
    ; warning
    @(2650 mils, 6400 mils): Symbol U2 Pin 13 [IO19, Unspecified, Line]
    @(2350 mils, 6400 mils): Symbol #PORT0107 Pin 1 [Power input, Line]
[endpoint_off_grid]: Symbol pin or wire end off connection grid
    ; warning
    @(6626 mils, 2150 mils): Vertical Wire, length 100 mils
[pin_to_pin]: Pins of type Unspecified and Power input are connected
    ; warning
    @(6626 mils, 2150 mils): Symbol C33 Pin 1 [1, Unspecified, Line]
    @(6626 mils, 2500 mils): Symbol #PWR12 Pin 1 [Power input, Line]
[endpoint_off_grid]: Symbol pin or wire end off connection grid
    ; warning
    @(6626 mils, 2250 mils): Vertical Wire, length 250 mils
[pin_to_pin]: Pins of type Unspecified and Power input are connected
    ; warning
    @(4350 mils, 5500 mils): Symbol U2 Pin 37 [TXD0, Unspecified, Line]
    @(4550 mils, 5500 mils): Symbol #PORT0106 Pin 1 [Power input, Line]
[pin_to_pin]: Pins of type Unspecified and Power input are connected
    ; warning
    @(2650 mils, 6500 mils): Symbol U2 Pin 14 [IO20, Unspecified, Line]
    @(2350 mils, 6500 mils): Symbol #PORT0108 Pin 1 [Power input, Line]
[endpoint_off_grid]: Symbol pin or wire end off connection grid
    ; warning
    @(6626 mils, 2500 mils): Symbol #PWR12 Pin 1 [Power input, Line]
[lib_symbol_mismatch]: Symbol 'GND' doesn't match copy in library 'power'
    ; warning
    @(6626 mils, 2500 mils): Symbol #PWR12 [GND]
[pin_to_pin]: Pins of type Unspecified and Power input are connected
    ; warning
    @(4350 mils, 5600 mils): Symbol U2 Pin 36 [RXD0, Unspecified, Line]
    @(4550 mils, 5600 mils): Symbol #PORT0105 Pin 1 [Power input, Line]
[endpoint_off_grid]: Symbol pin or wire end off connection grid
    ; warning
    @(7076 mils, 1450 mils): Symbol #PWR13 Pin 1 [Power input, Line]
[endpoint_off_grid]: Symbol pin or wire end off connection grid
    ; warning
    @(7076 mils, 1450 mils): Horizontal Wire, length 100 mils
[lib_symbol_mismatch]: Symbol 'GND' doesn't match copy in library 'power'
    ; warning
    @(7076 mils, 1450 mils): Symbol #PWR13 [GND]
[endpoint_off_grid]: Symbol pin or wire end off connection grid
    ; warning
    @(7176 mils, 1450 mils): Horizontal Wire, length 200 mils
[endpoint_off_grid]: Symbol pin or wire end off connection grid
    ; warning
    @(7176 mils, 1450 mils): Vertical Wire, length 100 mils
[pin_to_pin]: Pins of type Unspecified and Unspecified are connected
    ; warning
    @(7376 mils, 1450 mils): Symbol U25 Pin 1 [GND, Unspecified, Line]
    @(7376 mils, 1550 mils): Symbol U25 Pin 2 [MODE/SYNC, Unspecified, Line]
[endpoint_off_grid]: Symbol pin or wire end off connection grid
    ; warning
    @(7376 mils, 1550 mils): Horizontal Wire, length 200 mils
[pin_to_pin]: Pins of type Unspecified and Power input are connected
    ; warning
    @(7376 mils, 1550 mils): Symbol U25 Pin 2 [MODE/SYNC, Unspecified, Line]
    @(7076 mils, 1450 mils): Symbol #PWR13 Pin 1 [Power input, Line]
[pin_to_pin]: Pins of type Unspecified and Unspecified are connected
    ; warning
    @(7376 mils, 1650 mils): Symbol U25 Pin 3 [VIN, Unspecified, Line]
    @(7376 mils, 1750 mils): Symbol U25 Pin 4 [EN, Unspecified, Line]
[endpoint_off_grid]: Symbol pin or wire end off connection grid
    ; warning
    @(7376 mils, 1700 mils): Vertical Wire, length 50 mils
[endpoint_off_grid]: Symbol pin or wire end off connection grid
    ; warning
    @(7376 mils, 1750 mils): Vertical Wire, length 50 mils
[pin_to_pin]: Pins of type Unspecified and Power input are connected
    ; warning
    @(7376 mils, 1750 mils): Symbol U25 Pin 4 [EN, Unspecified, Line]
    @(6076 mils, 1550 mils): Symbol #PWR11 Pin 1 [Power input, Line]
[endpoint_off_grid]: Symbol pin or wire end off connection grid
    ; warning
    @(7376 mils, 1850 mils): Symbol U25 Pin 5 [PGOOD, Unspecified, Line]
[no_connect_dangling]: Unconnected "no connection" flag
    ; warning
    @(3000 mils, 7050 mils): No Connect
[no_connect_dangling]: Unconnected "no connection" flag
    ; warning
    @(3100 mils, 7050 mils): No Connect
[no_connect_dangling]: Unconnected "no connection" flag
    ; warning
    @(3200 mils, 7050 mils): No Connect
[endpoint_off_grid]: Symbol pin or wire end off connection grid
    ; warning
    @(3200 mils, 7050 mils): Symbol U2 Pin 17 [IO9, Unspecified, Line]
[no_connect_dangling]: Unconnected "no connection" flag
    ; warning
    @(3300 mils, 7050 mils): No Connect
[no_connect_dangling]: Unconnected "no connection" flag
    ; warning
    @(3400 mils, 7050 mils): No Connect
[no_connect_dangling]: Unconnected "no connection" flag
    ; warning
    @(3500 mils, 7050 mils): No Connect
[no_connect_dangling]: Unconnected "no connection" flag
    ; warning
    @(3600 mils, 7050 mils): No Connect
[no_connect_dangling]: Unconnected "no connection" flag
    ; warning
    @(3700 mils, 7050 mils): No Connect
[no_connect_dangling]: Unconnected "no connection" flag
    ; warning
    @(3800 mils, 7050 mils): No Connect
[no_connect_dangling]: Unconnected "no connection" flag
    ; warning
    @(3900 mils, 7050 mils): No Connect
[no_connect_dangling]: Unconnected "no connection" flag
    ; warning
    @(4000 mils, 7050 mils): No Connect
[no_connect_dangling]: Unconnected "no connection" flag
    ; warning
    @(4100 mils, 7050 mils): No Connect
[pin_to_pin]: Pins of type Unspecified and Input are connected
    ; warning
    @(6750 mils, 4650 mils): Symbol U5 Pin 1 [CTRL, Unspecified, Line]
    @(6400 mils, 4650 mils): Symbol R20 Pin 2 [2, Input, Line]
[lib_symbol_mismatch]: Symbol 'GND' doesn't match copy in library 'power'
    ; warning
    @(6400 mils, 5150 mils): Symbol #PWR44 [GND]
[pin_to_pin]: Pins of type Unspecified and Power input are connected
    ; warning
    @(6750 mils, 4750 mils): Symbol U5 Pin 2 [LRCLK, Unspecified, Line]
    @(6100 mils, 4750 mils): Symbol #PORT14 Pin 1 [Power input, Line]
[pin_to_pin]: Pins of type Unspecified and Power input are connected
    ; warning
    @(6750 mils, 4850 mils): Symbol U5 Pin 3 [BCLK, Unspecified, Line]
    @(6100 mils, 4850 mils): Symbol #PORT13 Pin 1 [Power input, Line]
[pin_to_pin]: Pins of type Unspecified and Power input are connected
    ; warning
    @(6750 mils, 4950 mils): Symbol U5 Pin 4 [SDATA, Unspecified, Line]
    @(6100 mils, 4950 mils): Symbol #PORT12 Pin 1 [Power input, Line]
[pin_to_pin]: Pins of type Unspecified and Power input are connected
    ; warning
    @(8476 mils, 1350 mils): Symbol U25 Pin 11 [EP, Unspecified, Line]
    @(8876 mils, 1350 mils): Symbol #PWR14 Pin 1 [Power input, Line]
[endpoint_off_grid]: Symbol pin or wire end off connection grid
    ; warning
    @(8476 mils, 1750 mils): Horizontal Wire, length 650 mils
[pin_to_pin]: Pins of type Unspecified and Input are connected
    ; warning
    @(8476 mils, 1750 mils): Symbol U25 Pin 7 [FB, Unspecified, Line]
    @(9076 mils, 1950 mils): Symbol R3 Pin 2 [2, Input, Line]
[endpoint_off_grid]: Symbol pin or wire end off connection grid
    ; warning
    @(8476 mils, 1850 mils): Horizontal Wire, length 150 mils
[pin_to_pin]: Pins of type Unspecified and Input are connected
    ; warning
    @(8476 mils, 1850 mils): Symbol U25 Pin 6 [VOUT, Unspecified, Line]
    @(8676 mils, 1950 mils): Symbol R3 Pin 1 [1, Input, Line]
[endpoint_off_grid]: Symbol pin or wire end off connection grid
    ; warning
    @(8626 mils, 1950 mils): Vertical Wire, length 100 mils
[endpoint_off_grid]: Symbol pin or wire end off connection grid
    ; warning
    @(8726 mils, 1600 mils): Symbol #PWR18 Pin 1 [Power input, Line]
[endpoint_off_grid]: Symbol pin or wire end off connection grid
    ; warning
    @(8726 mils, 1600 mils): Vertical Wire, length 250 mils
[lib_symbol_mismatch]: Symbol '+5V' doesn't match copy in library 'power'
    ; warning
    @(8726 mils, 1600 mils): Symbol #PWR18 [+5V]
[endpoint_off_grid]: Symbol pin or wire end off connection grid
    ; warning
    @(8676 mils, 1950 mils): Horizontal Wire, length 50 mils
[pin_to_pin]: Pins of type Unspecified and Power input are connected
    ; warning
    @(7650 mils, 4550 mils): Symbol U5 Pin 9 [EP, Unspecified, Line]
    @(7900 mils, 4550 mils): Symbol #PWR43 Pin 1 [Power input, Line]
[endpoint_off_grid]: Symbol pin or wire end off connection grid
    ; warning
    @(8726 mils, 1850 mils): Horizontal Wire, length 100 mils
[endpoint_off_grid]: Symbol pin or wire end off connection grid
    ; warning
    @(8626 mils, 2350 mils): Vertical Wire, length 400 mils
[pin_to_pin]: Pins of type Unspecified and Input are connected
    ; warning
    @(8626 mils, 2350 mils): Symbol C32 Pin 2 [2, Unspecified, Line]
    @(8676 mils, 1950 mils): Symbol R3 Pin 1 [1, Input, Line]
[pin_to_pin]: Pins of type Unspecified and Power input are connected
    ; warning
    @(7650 mils, 4650 mils): Symbol U5 Pin 8 [VOP, Unspecified, Line]
    @(8500 mils, 4650 mils): Symbol #PORT15 Pin 1 [Power input, Line]
[endpoint_off_grid]: Symbol pin or wire end off connection grid
    ; warning
    @(8876 mils, 1350 mils): Horizontal Wire, length 400 mils
[endpoint_off_grid]: Symbol pin or wire end off connection grid
    ; warning
    @(8876 mils, 1350 mils): Symbol #PWR14 Pin 1 [Power input, Line]
[lib_symbol_mismatch]: Symbol 'GND' doesn't match copy in library 'power'
    ; warning
    @(8876 mils, 1350 mils): Symbol #PWR14 [GND]
[pin_to_pin]: Pins of type Unspecified and Unspecified are connected
    ; warning
    @(7650 mils, 4750 mils): Symbol U5 Pin 7 [GND, Unspecified, Line]
    @(7650 mils, 4550 mils): Symbol U5 Pin 9 [EP, Unspecified, Line]
[endpoint_off_grid]: Symbol pin or wire end off connection grid
    ; warning
    @(8626 mils, 2750 mils): Symbol C32 Pin 1 [1, Unspecified, Line]
[endpoint_off_grid]: Symbol pin or wire end off connection grid
    ; warning
    @(8626 mils, 2750 mils): Horizontal Wire, length 300 mils
[pin_to_pin]: Pins of type Unspecified and Power input are connected
    ; warning
    @(8626 mils, 2750 mils): Symbol C32 Pin 1 [1, Unspecified, Line]
    @(8926 mils, 2850 mils): Symbol #PWR15 Pin 1 [Power input, Line]
[pin_to_pin]: Pins of type Unspecified and Input are connected
    ; warning
    @(7650 mils, 4850 mils): Symbol U5 Pin 6 [VDD, Unspecified, Line]
    @(8000 mils, 4850 mils): Symbol C17 Pin 1 [1, Input, Line]
[pin_to_pin]: Pins of type Unspecified and Power input are connected
    ; warning
    @(7650 mils, 4950 mils): Symbol U5 Pin 5 [VON, Unspecified, Line]
    @(8500 mils, 4950 mils): Symbol #PORT16 Pin 1 [Power input, Line]
[lib_symbol_mismatch]: Symbol 'GND' doesn't match copy in library 'power'
    ; warning
    @(7900 mils, 4550 mils): Symbol #PWR43 [GND]
[lib_symbol_mismatch]: Symbol 'GND' doesn't match copy in library 'power'
    ; warning
    @(7900 mils, 4750 mils): Symbol #PWR42 [GND]
[endpoint_off_grid]: Symbol pin or wire end off connection grid
    ; warning
    @(9076 mils, 1950 mils): Horizontal Wire, length 50 mils
[endpoint_off_grid]: Symbol pin or wire end off connection grid
    ; warning
    @(9076 mils, 1950 mils): Symbol R3 Pin 2 [2, Input, Line]
[endpoint_off_grid]: Symbol pin or wire end off connection grid
    ; warning
    @(9126 mils, 1950 mils): Vertical Wire, length 200 mils
[endpoint_off_grid]: Symbol pin or wire end off connection grid
    ; warning
    @(8926 mils, 2750 mils): Vertical Wire, length 100 mils
[endpoint_off_grid]: Symbol pin or wire end off connection grid
    ; warning
    @(8926 mils, 2750 mils): Horizontal Wire, length 450 mils
[endpoint_off_grid]: Symbol pin or wire end off connection grid
    ; warning
    @(8926 mils, 2850 mils): Symbol #PWR15 Pin 1 [Power input, Line]
[lib_symbol_mismatch]: Symbol 'GND' doesn't match copy in library 'power'
    ; warning
    @(8926 mils, 2850 mils): Symbol #PWR15 [GND]
[lib_symbol_mismatch]: Symbol '+5V' doesn't match copy in library 'power'
    ; warning
    @(8150 mils, 4750 mils): Symbol #PWR41 [+5V]
[pin_to_pin]: Pins of type Unspecified and Power input are connected
    ; warning
    @(6550 mils, 6900 mils): Symbol Mem1 Pin 2 [CD/SDD3, Unspecified, Line]
    @(6050 mils, 6900 mils): Symbol #PORT0101 Pin 1 [Power input, Line]
[endpoint_off_grid]: Symbol pin or wire end off connection grid
    ; warning
    @(9376 mils, 1750 mils): Vertical Wire, length 600 mils
[endpoint_off_grid]: Symbol pin or wire end off connection grid
    ; warning
    @(9376 mils, 1750 mils): Horizontal Wire, length 250 mils
[lib_symbol_mismatch]: Symbol 'GND' doesn't match copy in library 'power'
    ; warning
    @(8000 mils, 5250 mils): Symbol #PWR45 [GND]
[pin_to_pin]: Pins of type Unspecified and Power input are connected
    ; warning
    @(6550 mils, 7000 mils): Symbol Mem1 Pin 3 [SCLK, Unspecified, Line]
    @(6050 mils, 7000 mils): Symbol #PORT0102 Pin 1 [Power input, Line]
[pin_to_pin]: Pins of type Unspecified and Power input are connected
    ; warning
    @(6550 mils, 7100 mils): Symbol Mem1 Pin 4 [VSS, Unspecified, Line]
    @(6550 mils, 7400 mils): Symbol #PWR0102 Pin 1 [Power input, Line]
[endpoint_off_grid]: Symbol pin or wire end off connection grid
    ; warning
    @(9376 mils, 2750 mils): Symbol R4 Pin 2 [2, Input, Line]
[lib_symbol_mismatch]: Symbol 'GND' doesn't match copy in library 'power'
    ; warning
    @(8300 mils, 5250 mils): Symbol #PWR46 [GND]
[lib_symbol_mismatch]: Symbol 'GND' doesn't match copy in library 'power'
    ; warning
    @(6550 mils, 7400 mils): Symbol #PWR0102 [GND]
[lib_symbol_mismatch]: Symbol '+3.3V' doesn't match copy in library 'power'
    ; warning
    @(8100 mils, 6250 mils): Symbol #PWR0103 [+3.3V]
[pin_to_pin]: Pins of type Unspecified and Input are connected
    ; warning
    @(7650 mils, 6800 mils): Symbol Mem1 Pin 8 [VCC, Unspecified, Line]
    @(7850 mils, 6450 mils): Symbol C4 Pin 1 [1, Input, Line]
[lib_symbol_mismatch]: Symbol '+3.3V' doesn't match copy in library 'power'
    ; warning
    @(6150 mils, 8250 mils): Symbol #PWR61 [+3.3V]
[pin_to_pin]: Pins of type Unspecified and Input are connected
    ; warning
    @(7650 mils, 7000 mils): Symbol Mem1 Pin 6 [SDD0, Unspecified, Line]
    @(7850 mils, 6750 mils): Symbol C4 Pin 2 [2, Input, Line]
[pin_to_pin]: Pins of type Unspecified and Power input are connected
    ; warning
    @(7650 mils, 7100 mils): Symbol Mem1 Pin 5 [CMD, Unspecified, Line]
    @(8200 mils, 7100 mils): Symbol #PORT0104 Pin 1 [Power input, Line]
[lib_symbol_mismatch]: Symbol '+12V' doesn't match copy in library 'power'
    ; warning
    @(10350 mils, 1350 mils): Symbol #PWR21 [+12V]
[pin_to_pin]: Pins of type Unspecified and Power input are connected
    ; warning
    @(8400 mils, 6400 mils): Symbol C5 Pin 1 [1, Unspecified, Line]
    @(8100 mils, 6250 mils): Symbol #PWR0103 Pin 1 [Power input, Line]
[pin_to_pin]: Pins of type Unspecified and Power input are connected
    ; warning
    @(10450 mils, 1650 mils): Symbol D8 Pin 2 [A, Unspecified, Line]
    @(10350 mils, 1350 mils): Symbol #PWR21 Pin 1 [Power input, Line]
[no_connect_dangling]: Unconnected "no connection" flag
    ; warning
    @(6050 mils, 8700 mils): No Connect
[no_connect_dangling]: Unconnected "no connection" flag
    ; warning
    @(6100 mils, 8700 mils): No Connect
[lib_symbol_mismatch]: Symbol 'GND' doesn't match copy in library 'power'
    ; warning
    @(8100 mils, 6900 mils): Symbol #PWR0101 [GND]
[multiple_net_names]: Both GND and SD_MISO are attached to the same items; GND will be used in the netlist
    ; warning
    @(7900 mils, 4750 mils): Symbol #PWR42 Pin 1 [Power input, Line]
    @(5900 mils, 8900 mils): Symbol #PORT34 Pin 1 [Power input, Line]
[pin_to_pin]: Pins of type Unspecified and Power input are connected
    ; warning
    @(8400 mils, 6800 mils): Symbol C5 Pin 2 [2, Unspecified, Line]
    @(8200 mils, 7000 mils): Symbol #PORT0103 Pin 1 [Power input, Line]
[pin_to_pin]: Pins of type Unspecified and Power input are connected
    ; warning
    @(6150 mils, 8950 mils): Symbol C11 Pin 1 [1, Unspecified, Line]
    @(6500 mils, 8600 mils): Symbol U6 Pin 4 [VDD, Power input, Line]
[pin_to_pin]: Pins of type Unspecified and Unspecified are connected
    ; warning
    @(10850 mils, 1650 mils): Symbol D8 Pin 1 [K, Unspecified, Line]
    @(12100 mils, 1650 mils): Symbol U24 Pin 3 [VIN, Unspecified, Line]
[lib_symbol_mismatch]: Symbol 'GND' doesn't match copy in library 'power'
    ; warning
    @(6500 mils, 8950 mils): Symbol #PWR62 [GND]
[pin_to_pin]: Pins of type Unspecified and Power input are connected
    ; warning
    @(6150 mils, 9350 mils): Symbol C11 Pin 2 [2, Unspecified, Line]
    @(6150 mils, 9450 mils): Symbol #PWR63 Pin 1 [Power input, Line]
[lib_symbol_mismatch]: Symbol 'GND' doesn't match copy in library 'power'
    ; warning
    @(6150 mils, 9450 mils): Symbol #PWR63 [GND]
[footprint_link_issues]: Footprint 'Micro_SD_Card_C585354' not found in library 'JLCImport'.
    ; warning
    @(7400 mils, 8600 mils): Symbol U6 [Micro_SD_Card_C585354]
[pin_to_pin]: Pins of type Unspecified and Unspecified are connected
    ; warning
    @(11250 mils, 1650 mils): Symbol C107 Pin 1 [1, Unspecified, Line]
    @(10850 mils, 1650 mils): Symbol D8 Pin 1 [K, Unspecified, Line]
[lib_symbol_mismatch]: Symbol 'EEEFT1V681UP' doesn't match copy in library 'JLCImport'
    ; warning
    @(11250 mils, 1850 mils): Symbol C107 [EEEFT1V681UP]
[pin_to_pin]: Pins of type Unspecified and Power input are connected
    ; warning
    @(11250 mils, 2050 mils): Symbol C107 Pin 2 [2, Unspecified, Line]
    @(11250 mils, 2250 mils): Symbol #PWR24 Pin 1 [Power input, Line]
[lib_symbol_mismatch]: Symbol 'GND' doesn't match copy in library 'power'
    ; warning
    @(11250 mils, 2250 mils): Symbol #PWR24 [GND]
[pin_to_pin]: Pins of type Unspecified and Power input are connected
    ; warning
    @(5700 mils, 10300 mils): Symbol U23 Pin 3 [SCL, Unspecified, Line]
    @(5550 mils, 10250 mils): Symbol #PORT44 Pin 1 [Power input, Line]
[pin_to_pin]: Pins of type Unspecified and Unspecified are connected
    ; warning
    @(11700 mils, 1650 mils): Symbol C34 Pin 2 [2, Unspecified, Line]
    @(12100 mils, 1650 mils): Symbol U24 Pin 3 [VIN, Unspecified, Line]
[pin_to_pin]: Pins of type Unspecified and Power input are connected
    ; warning
    @(5700 mils, 10400 mils): Symbol U23 Pin 4 [SDA, Unspecified, Line]
    @(5550 mils, 10450 mils): Symbol #PORT45 Pin 1 [Power input, Line]
[pin_to_pin]: Pins of type Unspecified and Power input are connected
    ; warning
    @(11700 mils, 2050 mils): Symbol C34 Pin 1 [1, Unspecified, Line]
    @(11700 mils, 2250 mils): Symbol #PWR25 Pin 1 [Power input, Line]
[lib_symbol_mismatch]: Symbol 'GND' doesn't match copy in library 'power'
    ; warning
    @(11700 mils, 2250 mils): Symbol #PWR25 [GND]
[lib_symbol_mismatch]: Symbol 'GND' doesn't match copy in library 'power'
    ; warning
    @(12000 mils, 1150 mils): Symbol #PWR22 [GND]
[lib_symbol_mismatch]: Symbol '+3.3V' doesn't match copy in library 'power'
    ; warning
    @(7050 mils, 9900 mils): Symbol #PWR85 [+3.3V]
[pin_to_pin]: Pins of type Unspecified and Unspecified are connected
    ; warning
    @(12100 mils, 1450 mils): Symbol U24 Pin 1 [GND, Unspecified, Line]
    @(12100 mils, 1550 mils): Symbol U24 Pin 2 [MODE/SYNC, Unspecified, Line]
[pin_to_pin]: Pins of type Unspecified and Power input are connected
    ; warning
    @(12100 mils, 1550 mils): Symbol U24 Pin 2 [MODE/SYNC, Unspecified, Line]
    @(12000 mils, 1150 mils): Symbol #PWR22 Pin 1 [Power input, Line]
[pin_to_pin]: Pins of type Unspecified and Unspecified are connected
    ; warning
    @(12100 mils, 1650 mils): Symbol U24 Pin 3 [VIN, Unspecified, Line]
    @(12100 mils, 1750 mils): Symbol U24 Pin 4 [EN, Unspecified, Line]
[pin_to_pin]: Pins of type Unspecified and Power input are connected
    ; warning
    @(10700 mils, 5900 mils): Symbol J1 Pin 1 [1, Unspecified, Line]
    @(10700 mils, 6100 mils): Symbol #PWR71 Pin 1 [Power input, Line]
[pin_to_pin]: Pins of type Unspecified and Input are connected
    ; warning
    @(6900 mils, 10100 mils): Symbol U23 Pin 8 [EVI, Unspecified, Line]
    @(7300 mils, 10100 mils): Symbol R89 Pin 1 [1, Input, Line]
[pin_to_pin]: Pins of type Unspecified and Power input are connected
    ; warning
    @(10800 mils, 5900 mils): Symbol J1 Pin 2 [2, Unspecified, Line]
    @(10800 mils, 6100 mils): Symbol #PWR72 Pin 1 [Power input, Line]
[pin_to_pin]: Pins of type Unspecified and Power input are connected
    ; warning
    @(6900 mils, 10200 mils): Symbol U23 Pin 7 [VDD, Unspecified, Line]
    @(7050 mils, 9900 mils): Symbol #PWR85 Pin 1 [Power input, Line]
[lib_symbol_mismatch]: Symbol '+24V' doesn't match copy in library 'power'
    ; warning
    @(10700 mils, 6100 mils): Symbol #PWR71 [+24V]
[pin_to_pin]: Pins of type Unspecified and Input are connected
    ; warning
    @(6900 mils, 10300 mils): Symbol U23 Pin 6 [VBACKUP, Unspecified, Line]
    @(7800 mils, 10300 mils): Symbol R94 Pin 1 [1, Input, Line]
[lib_symbol_mismatch]: Symbol 'GND' doesn't match copy in library 'power'
    ; warning
    @(10800 mils, 6100 mils): Symbol #PWR72 [GND]
[lib_symbol_mismatch]: Symbol 'GND' doesn't match copy in library 'power'
    ; warning
    @(8200 mils, 9350 mils): Symbol #PWR64 [GND]
[pin_to_pin]: Pins of type Unspecified and Power input are connected
    ; warning
    @(6900 mils, 10400 mils): Symbol U23 Pin 5 [VSS, Unspecified, Line]
    @(6900 mils, 10600 mils): Symbol #PWR86 Pin 1 [Power input, Line]
[pin_to_pin]: Pins of type Unspecified and Unspecified are connected
    ; warning
    @(7300 mils, 10300 mils): Symbol C104 Pin 2 [2, Unspecified, Line]
    @(6900 mils, 10300 mils): Symbol U23 Pin 6 [VBACKUP, Unspecified, Line]
[lib_symbol_mismatch]: Symbol 'GND' doesn't match copy in library 'power'
    ; warning
    @(6900 mils, 10600 mils): Symbol #PWR86 [GND]
[lib_symbol_mismatch]: Symbol 'GND' doesn't match copy in library 'power'
    ; warning
    @(8000 mils, 10100 mils): Symbol #PWR87 [GND]
[pin_to_pin]: Pins of type Unspecified and Power input are connected
    ; warning
    @(7300 mils, 10700 mils): Symbol C104 Pin 1 [1, Unspecified, Line]
    @(7300 mils, 10800 mils): Symbol #PWR88 Pin 1 [Power input, Line]
[lib_symbol_mismatch]: Symbol '+12V' doesn't match copy in library 'power'
    ; warning
    @(11400 mils, 6150 mils): Symbol #PWR73 [+12V]
[pin_to_pin]: Pins of type Unspecified and Power input are connected
    ; warning
    @(11550 mils, 5950 mils): Symbol J2 Pin 1 [1, Unspecified, Line]
    @(11400 mils, 6150 mils): Symbol #PWR73 Pin 1 [Power input, Line]
[lib_symbol_mismatch]: Symbol 'GND' doesn't match copy in library 'power'
    ; warning
    @(7300 mils, 10800 mils): Symbol #PWR88 [GND]
[pin_to_pin]: Pins of type Unspecified and Power input are connected
    ; warning
    @(11650 mils, 5950 mils): Symbol J2 Pin 2 [2, Unspecified, Line]
    @(11650 mils, 6150 mils): Symbol #PWR74 Pin 1 [Power input, Line]
[lib_symbol_mismatch]: Symbol 'GND' doesn't match copy in library 'power'
    ; warning
    @(11650 mils, 6150 mils): Symbol #PWR74 [GND]
[pin_to_pin]: Pins of type Unspecified and Power input are connected
    ; warning
    @(13200 mils, 1350 mils): Symbol U24 Pin 11 [EP, Unspecified, Line]
    @(13350 mils, 1350 mils): Symbol #PWR23 Pin 1 [Power input, Line]
[pin_to_pin]: Pins of type Unspecified and Input are connected
    ; warning
    @(13200 mils, 1750 mils): Symbol U24 Pin 7 [FB, Unspecified, Line]
    @(13450 mils, 2500 mils): Symbol R31 Pin 2 [2, Input, Line]
[pin_to_pin]: Pins of type Unspecified and Input are connected
    ; warning
    @(13200 mils, 1850 mils): Symbol U24 Pin 6 [VOUT, Unspecified, Line]
    @(13450 mils, 2100 mils): Symbol R31 Pin 1 [1, Input, Line]
[lib_symbol_mismatch]: Symbol '+3.3V' doesn't match copy in library 'power'
    ; warning
    @(12900 mils, 3650 mils): Symbol #PWR79 [+3.3V]
[lib_symbol_mismatch]: Symbol 'GND' doesn't match copy in library 'power'
    ; warning
    @(13350 mils, 1350 mils): Symbol #PWR23 [GND]
[pin_to_pin]: Pins of type Unspecified and Power input are connected
    ; warning
    @(12200 mils, 5950 mils): Symbol J3 Pin 1 [1, Unspecified, Line]
    @(12200 mils, 6150 mils): Symbol #PWR75 Pin 1 [Power input, Line]
[lib_symbol_mismatch]: Symbol '+5V' doesn't match copy in library 'power'
    ; warning
    @(12200 mils, 6150 mils): Symbol #PWR75 [+5V]
[pin_to_pin]: Pins of type Unspecified and Power input are connected
    ; warning
    @(12300 mils, 5950 mils): Symbol J3 Pin 2 [2, Unspecified, Line]
    @(12300 mils, 6150 mils): Symbol #PWR76 Pin 1 [Power input, Line]
[lib_symbol_mismatch]: Symbol 'GND' doesn't match copy in library 'power'
    ; warning
    @(12300 mils, 6150 mils): Symbol #PWR76 [GND]
[lib_symbol_mismatch]: Symbol 'GND' doesn't match copy in library 'power'
    ; warning
    @(8900 mils, 10500 mils): Symbol #PWR89 [GND]
[lib_symbol_mismatch]: Symbol 'GND' doesn't match copy in library 'power'
    ; warning
    @(13200 mils, 4450 mils): Symbol #PWR81 [GND]
[pin_to_pin]: Pins of type Unspecified and Power input are connected
    ; warning
    @(13450 mils, 4450 mils): Symbol U15 Pin 1 [GND, Unspecified, Line]
    @(13200 mils, 4450 mils): Symbol #PWR81 Pin 1 [Power input, Line]
[pin_to_pin]: Pins of type Unspecified and Input are connected
    ; warning
    @(13450 mils, 4550 mils): Symbol U15 Pin 2 [RESET#, Unspecified, Line]
    @(12900 mils, 4300 mils): Symbol R48 Pin 2 [2, Input, Line]
[pin_to_pin]: Pins of type Unspecified and Unspecified are connected
    ; warning
    @(13400 mils, 4750 mils): Symbol C94 Pin 1 [1, Unspecified, Line]
    @(13450 mils, 4550 mils): Symbol U15 Pin 2 [RESET#, Unspecified, Line]
[pin_to_pin]: Pins of type Unspecified and Power input are connected
    ; warning
    @(13400 mils, 5150 mils): Symbol C94 Pin 2 [2, Unspecified, Line]
    @(13400 mils, 5250 mils): Symbol #PWR82 Pin 1 [Power input, Line]
[lib_symbol_mismatch]: Symbol 'GND' doesn't match copy in library 'power'
    ; warning
    @(13400 mils, 5250 mils): Symbol #PWR82 [GND]
[lib_symbol_mismatch]: Symbol '+3.3V' doesn't match copy in library 'power'
    ; warning
    @(14350 mils, 1600 mils): Symbol #PWR28 [+3.3V]
[endpoint_off_grid]: Symbol pin or wire end off connection grid
    ; warning
    @(13050 mils, 6353 mils): Symbol J4 Pin 1 [1, Unspecified, Line]
[endpoint_off_grid]: Symbol pin or wire end off connection grid
    ; warning
    @(13050 mils, 6353 mils): Vertical Wire, length 200 mils
[pin_to_pin]: Pins of type Unspecified and Power input are connected
    ; warning
    @(13050 mils, 6353 mils): Symbol J4 Pin 1 [1, Unspecified, Line]
    @(13050 mils, 6553 mils): Symbol #PWR77 Pin 1 [Power input, Line]
[lib_symbol_mismatch]: Symbol 'GND' doesn't match copy in library 'power'
    ; warning
    @(14250 mils, 2850 mils): Symbol #PWR26 [GND]
[endpoint_off_grid]: Symbol pin or wire end off connection grid
    ; warning
    @(13050 mils, 6553 mils): Symbol #PWR77 Pin 1 [Power input, Line]
[lib_symbol_mismatch]: Symbol '+3.3V' doesn't match copy in library 'power'
    ; warning
    @(13050 mils, 6553 mils): Symbol #PWR77 [+3.3V]
[endpoint_off_grid]: Symbol pin or wire end off connection grid
    ; warning
    @(13150 mils, 6353 mils): Vertical Wire, length 200 mils
[pin_to_pin]: Pins of type Unspecified and Power input are connected
    ; warning
    @(13150 mils, 6353 mils): Symbol J4 Pin 2 [2, Unspecified, Line]
    @(13150 mils, 6553 mils): Symbol #PWR78 Pin 1 [Power input, Line]
[endpoint_off_grid]: Symbol pin or wire end off connection grid
    ; warning
    @(13150 mils, 6553 mils): Symbol #PWR78 Pin 1 [Power input, Line]
[lib_symbol_mismatch]: Symbol 'GND' doesn't match copy in library 'power'
    ; warning
    @(13150 mils, 6553 mils): Symbol #PWR78 [GND]
[pin_to_pin]: Pins of type Unspecified and Power input are connected
    ; warning
    @(14550 mils, 2350 mils): Symbol C35 Pin 2 [2, Unspecified, Line]
    @(14350 mils, 1600 mils): Symbol #PWR28 Pin 1 [Power input, Line]
[pin_to_pin]: Pins of type Unspecified and Power input are connected
    ; warning
    @(14550 mils, 2750 mils): Symbol C35 Pin 1 [1, Unspecified, Line]
    @(14250 mils, 2850 mils): Symbol #PWR26 Pin 1 [Power input, Line]
[pin_to_pin]: Pins of type Unspecified and Power input are connected
    ; warning
    @(14350 mils, 4500 mils): Symbol U15 Pin 3 [VDD, Unspecified, Line]
    @(14650 mils, 4050 mils): Symbol #PWR80 Pin 1 [Power input, Line]
[lib_symbol_mismatch]: Symbol '+3.3V' doesn't match copy in library 'power'
    ; warning
    @(14650 mils, 4050 mils): Symbol #PWR80 [+3.3V]
[pin_to_pin]: Pins of type Unspecified and Power input are connected
    ; warning
    @(14650 mils, 4250 mils): Symbol C93 Pin 1 [1, Unspecified, Line]
    @(14650 mils, 4050 mils): Symbol #PWR80 Pin 1 [Power input, Line]
[pin_to_pin]: Pins of type Unspecified and Power input are connected
    ; warning
    @(14650 mils, 4650 mils): Symbol C93 Pin 2 [2, Unspecified, Line]
    @(14650 mils, 4750 mils): Symbol #PWR83 Pin 1 [Power input, Line]
[lib_symbol_mismatch]: Symbol 'GND' doesn't match copy in library 'power'
    ; warning
    @(14650 mils, 4750 mils): Symbol #PWR83 [GND]
[pin_to_pin]: Pins of type Unspecified and Unspecified are connected
    ; warning
    @(15250 mils, 4250 mils): Symbol C39 Pin 1 [1, Unspecified, Line]
    @(14650 mils, 4250 mils): Symbol C93 Pin 1 [1, Unspecified, Line]
[pin_to_pin]: Pins of type Unspecified and Power input are connected
    ; warning
    @(14050 mils, 7300 mils): Symbol J5 Pin 1 [1, Unspecified, Line]
    @(13950 mils, 7800 mils): Symbol #PORT42 Pin 1 [Power input, Line]
[pin_to_pin]: Pins of type Unspecified and Power input are connected
    ; warning
    @(14150 mils, 7300 mils): Symbol J5 Pin 2 [2, Unspecified, Line]
    @(14550 mils, 7600 mils): Symbol #PORT41 Pin 1 [Power input, Line]
[pin_to_pin]: Pins of type Unspecified and Power input are connected
    ; warning
    @(15250 mils, 4650 mils): Symbol C39 Pin 2 [2, Unspecified, Line]
    @(15250 mils, 4750 mils): Symbol #PWR84 Pin 1 [Power input, Line]
[lib_symbol_mismatch]: Symbol 'GND' doesn't match copy in library 'power'
    ; warning
    @(15250 mils, 4750 mils): Symbol #PWR84 [GND]

 ** ERC messages: 309  Errors 39  Warnings 270
