ERC report (2026-03-06T10:35:49-0500, Encoding UTF8)

***** Sheet /
[power_pin_not_driven]: Input Power pin not driven by any Output Power pins
    ; error
    @(102.87 mm, 99.06 mm): Symbol #PWR01 Pin 1 [Power input, Line]
[power_pin_not_driven]: Input Power pin not driven by any Output Power pins
    ; error
    @(116.84 mm, 123.19 mm): Symbol #PWR02 Pin 1 [Power input, Line]
[power_pin_not_driven]: Input Power pin not driven by any Output Power pins
    ; error
    @(170.18 mm, 100.33 mm): Symbol #PWR08 Pin 1 [Power input, Line]
[pin_not_driven]: Input pin not driven by any Output pins
    ; error
    @(179.07 mm, 109.22 mm): Symbol R3 Pin 2 [2, Input, Line]
[lib_symbol_mismatch]: Symbol '+12V' doesn't match copy in library 'power'
    ; warning
    @(102.87 mm, 99.06 mm): Symbol #PWR01 [+12V]
[pin_to_pin]: Pins of type Unspecified and Power input are connected
    ; warning
    @(105.41 mm, 106.68 mm): Symbol C31 Pin 2 [2, Unspecified, Line]
    @(102.87 mm, 99.06 mm): Symbol #PWR01 Pin 1 [Power input, Line]
[footprint_link_issues]: The current configuration does not include the footprint library 'JLCImport'.
    ; warning
    @(105.41 mm, 111.76 mm): Symbol C31 [GRM32ER7YA106KA12L]
[lib_symbol_issues]: The current configuration does not include the symbol library 'JLCImport'
    ; warning
    @(105.41 mm, 111.76 mm): Symbol C31 [GRM32ER7YA106KA12L]
[pin_to_pin]: Pins of type Unspecified and Power input are connected
    ; warning
    @(116.84 mm, 104.14 mm): Symbol C33 Pin 2 [2, Unspecified, Line]
    @(102.87 mm, 99.06 mm): Symbol #PWR01 Pin 1 [Power input, Line]
[pin_to_pin]: Pins of type Unspecified and Unspecified are connected
    ; warning
    @(105.41 mm, 116.84 mm): Symbol C31 Pin 1 [1, Unspecified, Line]
    @(116.84 mm, 114.30 mm): Symbol C33 Pin 1 [1, Unspecified, Line]
[footprint_link_issues]: The current configuration does not include the footprint library 'JLCImport'.
    ; warning
    @(116.84 mm, 109.22 mm): Symbol C33 [GRM32ER7YA106KA12L]
[lib_symbol_issues]: The current configuration does not include the symbol library 'JLCImport'
    ; warning
    @(116.84 mm, 109.22 mm): Symbol C33 [GRM32ER7YA106KA12L]
[lib_symbol_mismatch]: Symbol 'GND' doesn't match copy in library 'power'
    ; warning
    @(128.27 mm, 96.52 mm): Symbol #PWR03 [GND]
[pin_to_pin]: Pins of type Unspecified and Power input are connected
    ; warning
    @(116.84 mm, 114.30 mm): Symbol C33 Pin 1 [1, Unspecified, Line]
    @(116.84 mm, 123.19 mm): Symbol #PWR02 Pin 1 [Power input, Line]
[pin_to_pin]: Pins of type Unspecified and Unspecified are connected
    ; warning
    @(135.89 mm, 96.52 mm): Symbol U6 Pin 1 [GND, Unspecified, Line]
    @(135.89 mm, 99.06 mm): Symbol U6 Pin 2 [MODE/SYNC, Unspecified, Line]
[pin_to_pin]: Pins of type Unspecified and Power input are connected
    ; warning
    @(135.89 mm, 99.06 mm): Symbol U6 Pin 2 [MODE/SYNC, Unspecified, Line]
    @(128.27 mm, 96.52 mm): Symbol #PWR03 Pin 1 [Power input, Line]
[pin_to_pin]: Pins of type Unspecified and Unspecified are connected
    ; warning
    @(135.89 mm, 101.60 mm): Symbol U6 Pin 3 [VIN, Unspecified, Line]
    @(135.89 mm, 104.14 mm): Symbol U6 Pin 4 [EN, Unspecified, Line]
[lib_symbol_mismatch]: Symbol 'GND' doesn't match copy in library 'power'
    ; warning
    @(116.84 mm, 123.19 mm): Symbol #PWR02 [GND]
[pin_to_pin]: Pins of type Unspecified and Power input are connected
    ; warning
    @(135.89 mm, 104.14 mm): Symbol U6 Pin 4 [EN, Unspecified, Line]
    @(102.87 mm, 99.06 mm): Symbol #PWR01 Pin 1 [Power input, Line]
[footprint_link_issues]: The current configuration does not include the footprint library 'JLCImport'.
    ; warning
    @(149.86 mm, 100.33 mm): Symbol U6 [LMZM23601SILR]
[lib_symbol_issues]: The current configuration does not include the symbol library 'JLCImport'
    ; warning
    @(149.86 mm, 100.33 mm): Symbol U6 [LMZM23601SILR]
[pin_to_pin]: Pins of type Unspecified and Power input are connected
    ; warning
    @(163.83 mm, 93.98 mm): Symbol U6 Pin 11 [EP, Unspecified, Line]
    @(173.99 mm, 93.98 mm): Symbol #PWR04 Pin 1 [Power input, Line]
[pin_to_pin]: Pins of type Unspecified and Input are connected
    ; warning
    @(163.83 mm, 104.14 mm): Symbol U6 Pin 7 [FB, Unspecified, Line]
    @(179.07 mm, 109.22 mm): Symbol R3 Pin 2 [2, Input, Line]
[pin_to_pin]: Pins of type Unspecified and Input are connected
    ; warning
    @(163.83 mm, 106.68 mm): Symbol U6 Pin 6 [VOUT, Unspecified, Line]
    @(168.91 mm, 109.22 mm): Symbol R3 Pin 1 [1, Input, Line]
[lib_symbol_mismatch]: Symbol '+5V' doesn't match copy in library 'power'
    ; warning
    @(170.18 mm, 100.33 mm): Symbol #PWR08 [+5V]
[lib_symbol_mismatch]: Symbol 'GND' doesn't match copy in library 'power'
    ; warning
    @(173.99 mm, 93.98 mm): Symbol #PWR04 [GND]
[footprint_link_issues]: The current configuration does not include the footprint library 'JLCImport'.
    ; warning
    @(173.99 mm, 109.22 mm): Symbol R3 [0805W8F1002T5E]
[lib_symbol_issues]: The current configuration does not include the symbol library 'JLCImport'
    ; warning
    @(173.99 mm, 109.22 mm): Symbol R3 [0805W8F1002T5E]
[pin_to_pin]: Pins of type Unspecified and Input are connected
    ; warning
    @(167.64 mm, 119.38 mm): Symbol C32 Pin 2 [2, Unspecified, Line]
    @(168.91 mm, 109.22 mm): Symbol R3 Pin 1 [1, Input, Line]
[footprint_link_issues]: The current configuration does not include the footprint library 'JLCImport'.
    ; warning
    @(167.64 mm, 124.46 mm): Symbol C32 [1206X476M160NT]
[lib_symbol_issues]: The current configuration does not include the symbol library 'JLCImport'
    ; warning
    @(167.64 mm, 124.46 mm): Symbol C32 [1206X476M160NT]
[pin_to_pin]: Pins of type Unspecified and Power input are connected
    ; warning
    @(167.64 mm, 129.54 mm): Symbol C32 Pin 1 [1, Unspecified, Line]
    @(175.26 mm, 132.08 mm): Symbol #PWR05 Pin 1 [Power input, Line]
[lib_symbol_mismatch]: Symbol 'GND' doesn't match copy in library 'power'
    ; warning
    @(175.26 mm, 132.08 mm): Symbol #PWR05 [GND]
[footprint_link_issues]: The current configuration does not include the footprint library 'JLCImport'.
    ; warning
    @(186.69 mm, 124.46 mm): Symbol R4 [0805W8F2491T5E]
[lib_symbol_issues]: The current configuration does not include the symbol library 'JLCImport'
    ; warning
    @(186.69 mm, 124.46 mm): Symbol R4 [0805W8F2491T5E]

 ** ERC messages: 35  Errors 4  Warnings 31
